c:\users\nikos\desktop\christos\projects\vulkanmonkey\vulkanmonkey\x64\debug\vc141.pdb
c:\users\nikos\desktop\christos\projects\vulkanmonkey\vulkanmonkey\x64\debug\vc141.idb
c:\users\nikos\desktop\christos\projects\vulkanmonkey\vulkanmonkey\x64\debug\main.obj
c:\users\nikos\desktop\christos\projects\vulkanmonkey\vulkanmonkey\x64\debug\entity.obj
c:\users\nikos\desktop\christos\projects\vulkanmonkey\vulkanmonkey\x64\debug\input.obj
c:\users\nikos\desktop\christos\projects\vulkanmonkey\vulkanmonkey\x64\debug\player.obj
c:\users\nikos\desktop\christos\projects\vulkanmonkey\vulkanmonkey\x64\debug\resourcemanager.obj
c:\users\nikos\desktop\christos\projects\vulkanmonkey\vulkanmonkey\x64\debug\sprite.obj
c:\users\nikos\desktop\christos\projects\vulkanmonkey\vulkanmonkey\x64\debug\rect.obj
c:\users\nikos\desktop\christos\projects\vulkanmonkey\vulkanmonkey\x64\debug\renderer.obj
c:\users\nikos\desktop\christos\projects\vulkanmonkey\vulkanmonkey\x64\debug\vulkan_.obj
c:\users\nikos\desktop\christos\projects\vulkanmonkey\x64\debug\vulkanmonkey.exe
c:\users\nikos\desktop\christos\projects\vulkanmonkey\x64\debug\vulkanmonkey.ilk
c:\users\nikos\desktop\christos\projects\vulkanmonkey\x64\debug\vulkanmonkey.pdb
c:\users\nikos\desktop\christos\projects\vulkanmonkey\vulkanmonkey\x64\debug\main.obj.enc
c:\users\nikos\desktop\christos\projects\vulkanmonkey\vulkanmonkey\x64\debug\vulkanmonkey.tlog\cl.command.1.tlog
c:\users\nikos\desktop\christos\projects\vulkanmonkey\vulkanmonkey\x64\debug\vulkanmonkey.tlog\cl.read.1.tlog
c:\users\nikos\desktop\christos\projects\vulkanmonkey\vulkanmonkey\x64\debug\vulkanmonkey.tlog\cl.write.1.tlog
c:\users\nikos\desktop\christos\projects\vulkanmonkey\vulkanmonkey\x64\debug\vulkanmonkey.tlog\link.command.1.tlog
c:\users\nikos\desktop\christos\projects\vulkanmonkey\vulkanmonkey\x64\debug\vulkanmonkey.tlog\link.read.1.tlog
c:\users\nikos\desktop\christos\projects\vulkanmonkey\vulkanmonkey\x64\debug\vulkanmonkey.tlog\link.write.1.tlog
